<?xml version="1.0" encoding="UTF-8"?>
<testng-results ignored="0" total="1" passed="1" failed="0" skipped="0">
  <reporter-output>
  </reporter-output>
  <suite started-at="2023-01-11T17:35:25 IST" name="Default suite" finished-at="2023-01-11T17:35:43 IST" duration-ms="18476">
    <groups>
    </groups>
    <test started-at="2023-01-11T17:35:25 IST" name="Default test" finished-at="2023-01-11T17:35:43 IST" duration-ms="18476">
      <class name="tools.Testing">
        <test-method is-config="true" signature="start()[pri:0, instance:tools.Testing@a38c7fe]" started-at="2023-01-11T17:35:22 IST" name="start" finished-at="2023-01-11T17:35:25 IST" duration-ms="3113" status="PASS">
          <reporter-output>
          </reporter-output>
        </test-method> <!-- start -->
        <test-method signature="testing()[pri:0, instance:tools.Testing@a38c7fe]" started-at="2023-01-11T17:35:25 IST" name="testing" finished-at="2023-01-11T17:35:43 IST" duration-ms="18450" status="PASS">
          <reporter-output>
          </reporter-output>
        </test-method> <!-- testing -->
      </class> <!-- tools.Testing -->
    </test> <!-- Default test -->
  </suite> <!-- Default suite -->
</testng-results>
